C51 COMPILER V9.57.0.0   INIT                                                              03/21/2023 17:25:32 PAGE 1   


C51 COMPILER V9.57.0.0, COMPILATION OF MODULE INIT
OBJECT MODULE PLACED IN .\Objects\init.obj
COMPILER INVOKED BY: D:\KEIL5\MDK5\C51\BIN\C51.EXE ..\SYS\init.c OPTIMIZE(8,SPEED) BROWSE INCDIR(..\SYS;..\USER;..\DRIVE
                    -R\key;..\DRIVER\led;..\DRIVER\beep;..\DRIVER\beep) DEBUG OBJECTEXTEND PRINT(.\Listings\init.lst) TABS(2) OBJECT(.\Object
                    -s\init.obj)

line level    source

   1          #include "init.h"
   2          void exti0_init(void)
   3          {
   4   1        IT0=1;//跳变沿触发方式（下降沿）
   5   1        EX0=1;//打开INT1的中断允许
   6   1        EA=1;//打开总中断
   7   1      
   8   1      }


MODULE INFORMATION:   STATIC OVERLAYABLE
   CODE SIZE        =      7    ----
   CONSTANT SIZE    =   ----    ----
   XDATA SIZE       =   ----    ----
   PDATA SIZE       =   ----    ----
   DATA SIZE        =   ----    ----
   IDATA SIZE       =   ----    ----
   BIT SIZE         =   ----    ----
END OF MODULE INFORMATION.


C51 COMPILATION COMPLETE.  0 WARNING(S),  0 ERROR(S)
