C51 COMPILER V9.57.0.0   KONGZI                                                            03/25/2023 17:16:25 PAGE 1   


C51 COMPILER V9.57.0.0, COMPILATION OF MODULE KONGZI
OBJECT MODULE PLACED IN .\Objects\kongzi.obj
COMPILER INVOKED BY: D:\KEIL5\MDK5\C51\BIN\C51.EXE ..\DRIVER\kongzi\kongzi.c OPTIMIZE(8,SPEED) BROWSE INCDIR(..\SYS;..\U
                    -SER;..\DRIVER\key;..\DRIVER\led;..\DRIVER\beep;..\DRIVER\beep) DEBUG OBJECTEXTEND PRINT(.\Listings\kongzi.lst) TABS(2) O
                    -BJECT(.\Objects\kongzi.obj)

line level    source

   1          #include "kongzhi.h"  
*** WARNING C318 IN LINE 1 OF ..\DRIVER\kongzi\kongzi.c: can't open file 'kongzhi.h'
   2          sbit BEEP=P2^7;
*** ERROR C202 IN LINE 2 OF ..\DRIVER\kongzi\kongzi.c: 'P2': undefined identifier
   3          u8 i;
*** ERROR C129 IN LINE 3 OF ..\DRIVER\kongzi\kongzi.c: missing ';' before 'i'
   4          u16 j;
   5          void kongzi_f()
   6          {
   7              delay_10us(1000);//消斗
   8              if(KEY4==0)//再次判断K4键是否按下
   9              while(1)
  10            {
  11                for(i=1;i<9;i++)
  12              {
  13                led_xianshi(i);
  14                delay_10us(50000);
  15                for(j=1000;j>0;j--)//循环2000次
  16                {
  17                BEEP=!BEEP;//产生一定频率的脉冲信号
  18                delay_10us(10*i);
  19                }
  20                
  21              } 
  22            }
  23            
  24          }

C51 COMPILATION COMPLETE.  1 WARNING(S),  2 ERROR(S)
